This is pdfTeX, Version 3.141592653-2.6-1.40.22 (MiKTeX 21.6) (preloaded format=pdflatex 2021.9.18)  19 SEP 2021 08:50
entering extended mode
**./auxin.tex
(auxin.tex
LaTeX2e <2021-06-01>
L3 programming layer <2021-06-01> (D:\MiKTeX\tex/latex/base\article.cls
Document Class: article 2021/02/12 v1.4n Standard LaTeX document class
(D:\MiKTeX\tex/latex/base\size11.clo
File: size11.clo 2021/02/12 v1.4n Standard LaTeX file (size option)
)
\c@part=\count182
\c@section=\count183
\c@subsection=\count184
\c@subsubsection=\count185
\c@paragraph=\count186
\c@subparagraph=\count187
\c@figure=\count188
\c@table=\count189
\abovecaptionskip=\skip47
\belowcaptionskip=\skip48
\bibindent=\dimen138
)
(D:\MiKTeX\tex/latex/pdfpages\pdfpages.sty
Package: pdfpages 2021/03/06 v0.5t Insert pages of external PDF documents (AM)
 (D:\MiKTeX\tex/latex/base\ifthen.sty
Package: ifthen 2020/11/24 v1.1c Standard LaTeX ifthen package (DPC)
) (D:\MiKTeX\tex/latex/tools\calc.sty
Package: calc 2017/05/25 v4.3 Infix arithmetic (KKT,FJ)
\calc@Acount=\count190
\calc@Bcount=\count191
\calc@Adimen=\dimen139
\calc@Bdimen=\dimen140
\calc@Askip=\skip49
\calc@Bskip=\skip50
LaTeX Info: Redefining \setlength on input line 80.
LaTeX Info: Redefining \addtolength on input line 81.
\calc@Ccount=\count192
\calc@Cskip=\skip51
) (D:\MiKTeX\tex/latex/eso-pic\eso-pic.sty
Package: eso-pic 2020/10/14 v3.0a eso-pic (RN)
\ESO@tempdima=\dimen141
\ESO@tempdimb=\dimen142
(D:\MiKTeX\tex/latex/graphics\keyval.sty
Package: keyval 2014/10/28 v1.15 key=value parser (DPC)
\KV@toks@=\toks16
)
(D:\MiKTeX\tex/latex/xcolor\xcolor.sty
Package: xcolor 2016/05/11 v2.12 LaTeX color extensions (UK)

(D:\MiKTeX\tex/latex/graphics-cfg\color.cfg
File: color.cfg 2016/01/02 v1.6 sample color configuration
)
Package xcolor Info: Driver file: pdftex.def on input line 225.

(D:\MiKTeX\tex/latex/graphics-def\pdftex.def
File: pdftex.def 2020/10/05 v1.2a Graphics/color driver for pdftex
)
Package xcolor Info: Model `cmy' substituted by `cmy0' on input line 1348.
Package xcolor Info: Model `hsb' substituted by `rgb' on input line 1352.
Package xcolor Info: Model `RGB' extended on input line 1364.
Package xcolor Info: Model `HTML' substituted by `rgb' on input line 1366.
Package xcolor Info: Model `Hsb' substituted by `hsb' on input line 1367.
Package xcolor Info: Model `tHsb' substituted by `hsb' on input line 1368.
Package xcolor Info: Model `HSB' substituted by `hsb' on input line 1369.
Package xcolor Info: Model `Gray' substituted by `gray' on input line 1370.
Package xcolor Info: Model `wave' substituted by `hsb' on input line 1371.
))
(D:\MiKTeX\tex/latex/graphics\graphicx.sty
Package: graphicx 2020/12/05 v1.2c Enhanced LaTeX Graphics (DPC,SPQR)

(D:\MiKTeX\tex/latex/graphics\graphics.sty
Package: graphics 2021/03/04 v1.4d Standard LaTeX Graphics (DPC,SPQR)

(D:\MiKTeX\tex/latex/graphics\trig.sty
Package: trig 2016/01/03 v1.10 sin cos tan (DPC)
)
(D:\MiKTeX\tex/latex/graphics-cfg\graphics.cfg
File: graphics.cfg 2016/06/04 v1.11 sample graphics configuration
)
Package graphics Info: Driver file: pdftex.def on input line 107.
)
\Gin@req@height=\dimen143
\Gin@req@width=\dimen144
)
\AM@pagewidth=\dimen145
\AM@pageheight=\dimen146
\AM@fboxrule=\dimen147

(D:\MiKTeX\tex/latex/pdfpages\pppdftex.def
File: pppdftex.def 2021/03/06 v0.5t Pdfpages driver for pdfTeX (AM)
)
\pdfpages@includegraphics@status=\count193
\AM@pagebox=\box50
\AM@global@opts=\toks17
\AM@pagecnt=\count194
\AM@toc@title=\toks18
\c@AM@survey=\count195
\AM@templatesizebox=\box51
) (D:\MiKTeX\tex/latex/ucs\ucs.sty
Package: ucs 2013/05/11 v2.2 UCS: Unicode input support

(D:\MiKTeX\tex/latex/ucs\uni-global.def
File: uni-global.def 2013/05/13 UCS: Unicode global data
)
\uc@secondtry=\count196
\uc@combtoks=\toks19
\uc@combtoksb=\toks20
\uc@temptokena=\toks21
)
(D:\MiKTeX\tex/latex/base\inputenc.sty
Package: inputenc 2021/02/14 v1.3d Input encoding file
\inpenc@prehook=\toks22
\inpenc@posthook=\toks23
 (D:\MiKTeX\tex/latex/ucs\utf8x.def
File: utf8x.def 2004/10/17 UCS: Input encoding UTF-8
))
(D:\MiKTeX\tex/generic/babel\babel.sty
Package: babel 2021/06/02 3.60 The Babel package
 (D:\MiKTeX\tex/generic/babel\babel.def
File: babel.def 2021/06/02 3.60 Babel common definitions
\babel@savecnt=\count197
\U@D=\dimen148
\l@unhyphenated=\language79

(D:\MiKTeX\tex/generic/babel\txtbabel.def)
\bbl@readstream=\read2
)
\bbl@dirlevel=\count198

*************************************
* Local config file bblopts.cfg used
*
(D:\MiKTeX\tex/latex/arabi\bblopts.cfg
File: bblopts.cfg 2005/09/08 v0.1 add Arabic and Farsi to "declared" options of
 babel
)
(D:\MiKTeX\tex/latex/babel-russian\russianb.ldf
File: russianb.ldf 2021/01/10 1.3m Russian support for the Babel system
Language: russian 2020/09/09 1.3k Russian support for the Babel system


Package babel Warning: No Cyrillic font encoding has been loaded so far.
(babel)                A font encoding should be declared before babel.
(babel)                Default `T2A' encoding will be loaded  on input line 78.


(D:\MiKTeX\tex/latex/cyrillic\t2aenc.def
File: t2aenc.def 2005/09/27 v1.0i Cyrillic encoding definition file
)
Package babel Info: Making " an active character on input line 124.
Package babel Info: Default for \cyrdash is provided on input line 163.
))
(D:\MiKTeX\tex/latex/t2\mathtext.sty
Package: mathtext 2018/04/13 v1.1 transparent text-and-math defs
LaTeX Info: Redefining \halign on input line 119.
) (D:\MiKTeX\tex/latex/amsmath\amsmath.sty
Package: amsmath 2021/04/20 v2.17j AMS math features
\@mathmargin=\skip52

For additional information on amsmath, use the `?' option.
(D:\MiKTeX\tex/latex/amsmath\amstext.sty
Package: amstext 2000/06/29 v2.01 AMS text

(D:\MiKTeX\tex/latex/amsmath\amsgen.sty
File: amsgen.sty 1999/11/30 v2.0 generic functions
\@emptytoks=\toks24
\ex@=\dimen149
))
(D:\MiKTeX\tex/latex/amsmath\amsbsy.sty
Package: amsbsy 1999/11/29 v1.2d Bold Symbols
\pmbraise@=\dimen150
)
(D:\MiKTeX\tex/latex/amsmath\amsopn.sty
Package: amsopn 2016/03/08 v2.02 operator names
)
\inf@bad=\count199
LaTeX Info: Redefining \frac on input line 234.
\uproot@=\count266
\leftroot@=\count267
LaTeX Info: Redefining \overline on input line 399.
\classnum@=\count268
\DOTSCASE@=\count269
LaTeX Info: Redefining \ldots on input line 496.
LaTeX Info: Redefining \dots on input line 499.
LaTeX Info: Redefining \cdots on input line 620.
\Mathstrutbox@=\box52
\strutbox@=\box53
\big@size=\dimen151
LaTeX Font Info:    Redeclaring font encoding OML on input line 743.
\symOMLletters=\mathgroup4
LaTeX Font Info:    Redeclaring font encoding OMS on input line 744.
\symOMSletters=\mathgroup5
\macc@depth=\count270
\c@MaxMatrixCols=\count271
\dotsspace@=\muskip16
\c@parentequation=\count272
\dspbrk@lvl=\count273
\tag@help=\toks25
\row@=\count274
\column@=\count275
\maxfields@=\count276
\andhelp@=\toks26
\eqnshift@=\dimen152
\alignsep@=\dimen153
\tagshift@=\dimen154
\tagwidth@=\dimen155
\totwidth@=\dimen156
\lineht@=\dimen157
\@envbody=\toks27
\multlinegap=\skip53
\multlinetaggap=\skip54
\mathdisplay@stack=\toks28
LaTeX Info: Redefining \[ on input line 2923.
LaTeX Info: Redefining \] on input line 2924.
)
(D:\MiKTeX\tex/latex/amsfonts\amssymb.sty
Package: amssymb 2013/01/14 v3.01 AMS font symbols

(D:\MiKTeX\tex/latex/amsfonts\amsfonts.sty
Package: amsfonts 2013/01/14 v3.01 Basic AMSFonts support
\symAMSa=\mathgroup6
\symAMSb=\mathgroup7
LaTeX Font Info:    Redeclaring math symbol \hbar on input line 98.
LaTeX Font Info:    Overwriting math alphabet `\mathfrak' in version `bold'
(Font)                  U/euf/m/n --> U/euf/b/n on input line 106.
))
(D:\MiKTeX\tex/latex/listings\listings.sty
\lst@mode=\count277
\lst@gtempboxa=\box54
\lst@token=\toks29
\lst@length=\count278
\lst@currlwidth=\dimen158
\lst@column=\count279
\lst@pos=\count280
\lst@lostspace=\dimen159
\lst@width=\dimen160
\lst@newlines=\count281
\lst@lineno=\count282
\lst@maxwidth=\dimen161

(D:\MiKTeX\tex/latex/listings\lstmisc.sty
File: lstmisc.sty 2020/03/24 1.8d (Carsten Heinz)
\c@lstnumber=\count283
\lst@skipnumbers=\count284
\lst@framebox=\box55
)
(D:\MiKTeX\tex/latex/listings\listings.cfg
File: listings.cfg 2020/03/24 1.8d listings configuration
))
Package: listings 2020/03/24 1.8d (Carsten Heinz)

(D:\MiKTeX\tex/latex/hyperref\hyperref.sty
Package: hyperref 2021-06-05 v7.00l Hypertext links for LaTeX

(D:\MiKTeX\tex/generic/ltxcmds\ltxcmds.sty
Package: ltxcmds 2020-05-10 v1.25 LaTeX kernel commands for general use (HO)
)
(D:\MiKTeX\tex/generic/iftex\iftex.sty
Package: iftex 2020/03/06 v1.0d TeX engine tests
)
(D:\MiKTeX\tex/generic/pdftexcmds\pdftexcmds.sty
Package: pdftexcmds 2020-06-27 v0.33 Utility functions of pdfTeX for LuaTeX (HO
)

(D:\MiKTeX\tex/generic/infwarerr\infwarerr.sty
Package: infwarerr 2019/12/03 v1.5 Providing info/warning/error messages (HO)
)
Package pdftexcmds Info: \pdf@primitive is available.
Package pdftexcmds Info: \pdf@ifprimitive is available.
Package pdftexcmds Info: \pdfdraftmode found.
)
(D:\MiKTeX\tex/generic/kvsetkeys\kvsetkeys.sty
Package: kvsetkeys 2019/12/15 v1.18 Key value parser (HO)
)
(D:\MiKTeX\tex/generic/kvdefinekeys\kvdefinekeys.sty
Package: kvdefinekeys 2019-12-19 v1.6 Define keys (HO)
)
(D:\MiKTeX\tex/generic/pdfescape\pdfescape.sty
Package: pdfescape 2019/12/09 v1.15 Implements pdfTeX's escape features (HO)
)
(D:\MiKTeX\tex/latex/hycolor\hycolor.sty
Package: hycolor 2020-01-27 v1.10 Color options for hyperref/bookmark (HO)
)
(D:\MiKTeX\tex/latex/letltxmacro\letltxmacro.sty
Package: letltxmacro 2019/12/03 v1.6 Let assignment for LaTeX macros (HO)
)
(D:\MiKTeX\tex/latex/auxhook\auxhook.sty
Package: auxhook 2019-12-17 v1.6 Hooks for auxiliary files (HO)
)
(D:\MiKTeX\tex/latex/kvoptions\kvoptions.sty
Package: kvoptions 2020-10-07 v3.14 Key value format for package options (HO)
)
\@linkdim=\dimen162
\Hy@linkcounter=\count285
\Hy@pagecounter=\count286

(D:\MiKTeX\tex/latex/hyperref\pd1enc.def
File: pd1enc.def 2021-06-05 v7.00l Hyperref: PDFDocEncoding definition (HO)
Now handling font encoding PD1 ...
... no UTF-8 mapping file for font encoding PD1
\symPD1letters=\mathgroup8
)
(D:\MiKTeX\tex/latex/hyperref\hyperref-langpatches.def
File: hyperref-langpatches.def 2021-06-05 v7.00l Hyperref: patches for babel la
nguages
)
(D:\MiKTeX\tex/generic/intcalc\intcalc.sty
Package: intcalc 2019/12/15 v1.3 Expandable calculations with integers (HO)
)
(D:\MiKTeX\tex/generic/etexcmds\etexcmds.sty
Package: etexcmds 2019/12/15 v1.7 Avoid name clashes with e-TeX commands (HO)
)
\Hy@SavedSpaceFactor=\count287

(D:\MiKTeX\tex/latex/hyperref\puenc.def
File: puenc.def 2021-06-05 v7.00l Hyperref: PDF Unicode definition (HO)
Now handling font encoding PU ...
... no UTF-8 mapping file for font encoding PU
\symPUletters=\mathgroup9
)
Package hyperref Info: Option `unicode' set `true' on input line 3167.
Package hyperref Info: Hyper figures OFF on input line 4192.
Package hyperref Info: Link nesting OFF on input line 4197.
Package hyperref Info: Hyper index ON on input line 4200.
Package hyperref Info: Plain pages OFF on input line 4207.
Package hyperref Info: Backreferencing OFF on input line 4212.
Package hyperref Info: Implicit mode ON; LaTeX internals redefined.
Package hyperref Info: Bookmarks ON on input line 4445.
\c@Hy@tempcnt=\count288
 (D:\MiKTeX\tex/latex/url\url.sty
\Urlmuskip=\muskip17
Package: url 2013/09/16  ver 3.4  Verb mode for urls, etc.
)
LaTeX Info: Redefining \url on input line 4804.
\XeTeXLinkMargin=\dimen163

(D:\MiKTeX\tex/generic/bitset\bitset.sty
Package: bitset 2019/12/09 v1.3 Handle bit-vector datatype (HO)

(D:\MiKTeX\tex/generic/bigintcalc\bigintcalc.sty
Package: bigintcalc 2019/12/15 v1.5 Expandable calculations on big integers (HO
)
))
\Fld@menulength=\count289
\Field@Width=\dimen164
\Fld@charsize=\dimen165
Package hyperref Info: Hyper figures OFF on input line 6076.
Package hyperref Info: Link nesting OFF on input line 6081.
Package hyperref Info: Hyper index ON on input line 6084.
Package hyperref Info: backreferencing OFF on input line 6091.
Package hyperref Info: Link coloring OFF on input line 6096.
Package hyperref Info: Link coloring with OCG OFF on input line 6101.
Package hyperref Info: PDF/A mode OFF on input line 6106.
LaTeX Info: Redefining \ref on input line 6146.
LaTeX Info: Redefining \pageref on input line 6150.

(D:\MiKTeX\tex/latex/base\atbegshi-ltx.sty
Package: atbegshi-ltx 2021/01/10 v1.0c Emulation of the original atbegshi
package with kernel methods
)
\Hy@abspage=\count290
\c@Item=\count291
\c@Hfootnote=\count292
)
Package hyperref Info: Driver (autodetected): hpdftex.

(D:\MiKTeX\tex/latex/hyperref\hpdftex.def
File: hpdftex.def 2021-06-05 v7.00l Hyperref driver for pdfTeX

(D:\MiKTeX\tex/latex/base\atveryend-ltx.sty
Package: atveryend-ltx 2020/08/19 v1.0a Emulation of the original atvery packag
e
with kernel methods
)
\Fld@listcount=\count293
\c@bookmark@seq@number=\count294

(D:\MiKTeX\tex/latex/rerunfilecheck\rerunfilecheck.sty
Package: rerunfilecheck 2019/12/05 v1.9 Rerun checks for auxiliary files (HO)

(D:\MiKTeX\tex/generic/uniquecounter\uniquecounter.sty
Package: uniquecounter 2019/12/15 v1.4 Provide unlimited unique counter (HO)
)
Package uniquecounter Info: New unique counter `rerunfilecheck' on input line 2
86.
)
\Hy@SectionHShift=\skip55
)
(D:\MiKTeX\tex/latex/revtex4\revsymb.sty
Package: revsymb 2001/08/03 v4.0 (http://publish.aps.org/revtex4/ for documenta
tion)
LaTeX Info: Redefining \frak on input line 94.
LaTeX Info: Redefining \Bbb on input line 110.
LaTeX Info: Redefining \REV@mathfrak on input line 118.
)
(D:\MiKTeX\tex/latex/listings\lstlang1.sty
File: lstlang1.sty 2020/03/24 1.8d listings language file
)
(D:\MiKTeX\tex/latex/listings\lstlang1.sty
File: lstlang1.sty 2020/03/24 1.8d listings language file
)
(D:\MiKTeX\tex/latex/listings\lstlang1.sty
File: lstlang1.sty 2020/03/24 1.8d listings language file
)
Package hyperref Info: Option `colorlinks' set `true' on input line 25.

(D:\MiKTeX\tex/latex/l3backend\l3backend-pdftex.def
File: l3backend-pdftex.def 2021-05-07 L3 backend support: PDF output (pdfTeX)
\l__color_backend_stack_int=\count295
\l__pdf_internal_box=\box56
) (auxin.aux
LaTeX Font Info:    Trying to load font information for T2A+cmr on input line 2
2.

(D:\MiKTeX\tex/latex/cyrillic\t2acmr.fd
File: t2acmr.fd 2001/08/11 v1.0a Computer Modern Cyrillic font definitions
)

LaTeX Warning: Label `' multiply defined.


LaTeX Warning: Label `' multiply defined.


LaTeX Warning: Label `' multiply defined.


LaTeX Warning: Label `' multiply defined.


LaTeX Warning: Label `' multiply defined.


LaTeX Warning: Label `' multiply defined.


LaTeX Warning: Label `' multiply defined.


LaTeX Warning: Label `' multiply defined.


LaTeX Warning: Label `' multiply defined.


LaTeX Warning: Label `' multiply defined.


LaTeX Warning: Label `' multiply defined.


LaTeX Warning: Label `' multiply defined.


LaTeX Warning: Label `' multiply defined.


LaTeX Warning: Label `' multiply defined.


LaTeX Warning: Label `' multiply defined.


LaTeX Warning: Label `' multiply defined.


LaTeX Warning: Label `' multiply defined.


LaTeX Warning: Label `' multiply defined.


LaTeX Warning: Label `' multiply defined.


LaTeX Warning: Label `' multiply defined.


LaTeX Warning: Label `' multiply defined.


LaTeX Warning: Label `photo_tropism' multiply defined.


LaTeX Warning: Label `qe' multiply defined.

)
\openout1 = `auxin.aux'.

LaTeX Font Info:    Checking defaults for OML/cmm/m/it on input line 36.
LaTeX Font Info:    ... okay on input line 36.
LaTeX Font Info:    Checking defaults for OMS/cmsy/m/n on input line 36.
LaTeX Font Info:    ... okay on input line 36.
LaTeX Font Info:    Checking defaults for OT1/cmr/m/n on input line 36.
LaTeX Font Info:    ... okay on input line 36.
LaTeX Font Info:    Checking defaults for T1/cmr/m/n on input line 36.
LaTeX Font Info:    ... okay on input line 36.
LaTeX Font Info:    Checking defaults for TS1/cmr/m/n on input line 36.
LaTeX Font Info:    ... okay on input line 36.
LaTeX Font Info:    Checking defaults for OMX/cmex/m/n on input line 36.
LaTeX Font Info:    ... okay on input line 36.
LaTeX Font Info:    Checking defaults for U/cmr/m/n on input line 36.
LaTeX Font Info:    ... okay on input line 36.
LaTeX Font Info:    Checking defaults for T2A/cmr/m/n on input line 36.
LaTeX Font Info:    ... okay on input line 36.
LaTeX Font Info:    Checking defaults for PD1/pdf/m/n on input line 36.
LaTeX Font Info:    ... okay on input line 36.
LaTeX Font Info:    Checking defaults for PU/pdf/m/n on input line 36.
LaTeX Font Info:    ... okay on input line 36.
 (D:\MiKTeX\tex/context/base/mkii\supp-pdf.mkii
[Loading MPS to PDF converter (version 2006.09.02).]
\scratchcounter=\count296
\scratchdimen=\dimen166
\scratchbox=\box57
\nofMPsegments=\count297
\nofMParguments=\count298
\everyMPshowfont=\toks30
\MPscratchCnt=\count299
\MPscratchDim=\dimen167
\MPnumerator=\count300
\makeMPintoPDFobject=\count301
\everyMPtoPDFconversion=\toks31
) (D:\MiKTeX\tex/latex/epstopdf-pkg\epstopdf-base.sty
Package: epstopdf-base 2020-01-24 v2.11 Base part for package epstopdf
Package epstopdf-base Info: Redefining graphics rule for `.eps' on input line 4
85.

(D:\MiKTeX\tex/latex/00miktex\epstopdf-sys.cfg
File: epstopdf-sys.cfg 2021/03/18 v2.0 Configuration of epstopdf for MiKTeX
))
(D:\MiKTeX\tex/latex/pdflscape\pdflscape.sty
Package: pdflscape 2019/12/05 v0.12 Display of landscape pages in PDF (HO)

(D:\MiKTeX\tex/latex/graphics\lscape.sty
Package: lscape 2020/05/28 v3.02 Landscape Pages (DPC)
)
Package pdflscape Info: Auto-detected driver: pdftex on input line 81.
) (D:\MiKTeX\tex/latex/ucs\ucsencs.def
File: ucsencs.def 2011/01/21 Fixes to fontencodings LGR, T3
)
LaTeX Info: Redefining \th on input line 36.
\c@lstlisting=\count302
Package hyperref Info: Link coloring ON on input line 36.
 (D:\MiKTeX\tex/latex/hyperref\nameref.sty
Package: nameref 2021-04-02 v2.47 Cross-referencing by name of section

(D:\MiKTeX\tex/latex/refcount\refcount.sty
Package: refcount 2019/12/15 v3.6 Data extraction from label references (HO)
)
(D:\MiKTeX\tex/generic/gettitlestring\gettitlestring.sty
Package: gettitlestring 2019/12/15 v1.6 Cleanup title references (HO)
)
\c@section@level=\count303
)
LaTeX Info: Redefining \ref on input line 36.
LaTeX Info: Redefining \pageref on input line 36.
LaTeX Info: Redefining \nameref on input line 36.
 (auxin.out)
(auxin.out)
\@outlinefile=\write3
\openout3 = `auxin.out'.

 (D:\MiKTeX\tex/latex/ucs\uni-4.def
File: uni-4.def 2013/05/13 UCS: Unicode data U+0400..U+04FF
)
LaTeX Font Info:    Trying to load font information for OML+cmr on input line 3
8.

(D:\MiKTeX\tex/latex/base\omlcmr.fd
File: omlcmr.fd 2019/12/16 v2.5j Standard LaTeX font definitions
)

LaTeX Font Warning: Font shape `OML/cmr/m/up' undefined
(Font)              using `OML/cmr/m/it' instead on input line 38.

LaTeX Font Info:    Font shape `OML/cmr/m/it' in size <12> not available
(Font)              Font shape `OML/cmm/m/it' tried instead on input line 38.
LaTeX Font Info:    Font shape `OML/cmr/m/up' in size <8> not available
(Font)              Font shape `OML/cmm/m/it' tried instead on input line 38.
LaTeX Font Info:    Font shape `OML/cmr/m/up' in size <6> not available
(Font)              Font shape `OML/cmm/m/it' tried instead on input line 38.
LaTeX Font Info:    Trying to load font information for OMS+cmr on input line 3
8.
(D:\MiKTeX\tex/latex/base\omscmr.fd
File: omscmr.fd 2019/12/16 v2.5j Standard LaTeX font definitions
)

LaTeX Font Warning: Font shape `OMS/cmr/m/up' undefined
(Font)              using `OMS/cmr/m/n' instead on input line 38.

LaTeX Font Info:    Font shape `OMS/cmr/m/n' in size <12> not available
(Font)              Font shape `OMS/cmsy/m/n' tried instead on input line 38.
LaTeX Font Info:    Font shape `OMS/cmr/m/up' in size <8> not available
(Font)              Font shape `OMS/cmsy/m/n' tried instead on input line 38.
LaTeX Font Info:    Font shape `OMS/cmr/m/up' in size <6> not available
(Font)              Font shape `OMS/cmsy/m/n' tried instead on input line 38.
LaTeX Font Info:    Trying to load font information for U+msa on input line 38.

(D:\MiKTeX\tex/latex/amsfonts\umsa.fd
File: umsa.fd 2013/01/14 v3.01 AMS symbols A
)
LaTeX Font Info:    Trying to load font information for U+msb on input line 38.

 (D:\MiKTeX\tex/latex/amsfonts\umsb.fd
File: umsb.fd 2013/01/14 v3.01 AMS symbols B
)
LaTeX Font Info:    Trying to load font information for PD1+cmr on input line 3
8.
LaTeX Font Info:    No file PD1cmr.fd. on input line 38.


LaTeX Font Warning: Font shape `PD1/cmr/m/up' undefined
(Font)              using `PD1/pdf/m/n' instead on input line 38.

LaTeX Font Info:    Trying to load font information for PU+cmr on input line 38
.
LaTeX Font Info:    No file PUcmr.fd. on input line 38.

LaTeX Font Warning: Font shape `PU/cmr/m/up' undefined
(Font)              using `PU/pdf/m/n' instead on input line 38.


Overfull \hbox (8.7341pt too wide) in paragraph at lines 43--44
\T2A/cmr/m/n/10.95 spectrum at these energy levels. The article deals with the 
problems, theoretical
 []

[1

{C:/Users/Ilya.Yukhnovskiy/AppData/Local/MiKTeX/pdftex/config/pdftex.map}]
<pictures//kuzin.png, id=83, 386.19281pt x 286.06876pt>
File: pictures//kuzin.png Graphic file (type png)
<use pictures//kuzin.png>
Package pdftex.def Info: pictures//kuzin.png  used on input line 51.
(pdftex.def)             Requested size: 347.5703pt x 257.45949pt.

[2 <./pictures//kuzin.png>]
Overfull \hbox (5.03497pt too wide) in paragraph at lines 61--62
\T2A/cmr/m/n/10.95 Ќа-блю-де-ни€ фун-да-мен-таль-ной важ-но-сти бы-ли сде-ла-ны
 по вли-€-нию иони-
 []


Overfull \hbox (1.71388pt too wide) in paragraph at lines 70--71
[]\T2A/cmr/m/n/10.95 фермент ин-ги-би-ру-ет-с€ об-ра-зу-ю-щи-ми-с€ или осво-бож
-да-ю-щи-ми-с€ ин-
 []


Overfull \hbox (4.50485pt too wide) in paragraph at lines 73--74
[]\T2A/cmr/m/n/10.95 —овременные ис-сле-до-ва-ни€ про-во-д€т-с€ дл€ раз-лич-ных
 спек-тров иони-
 []

[3]
Overfull \hbox (2.76007pt too wide) in paragraph at lines 83--85
\T2A/cmr/m/n/10.95 радиационно-индуцированные эф-фек-ты сто-рон-них на-блю-да-т
е-лей (RIBE)
 []


Overfull \hbox (5.95229pt too wide) in paragraph at lines 86--87
\T2A/cmr/m/n/10.95 иони-зи-ру-ю-ще-го об-лу-че-ни€ на фер-мен-та-тив-ные си-сте
-мы дл€ пол-но-го спек-
 []

[4]
<pictures//goroh.png, id=113, 434.37282pt x 299.61937pt>
File: pictures//goroh.png Graphic file (type png)
<use pictures//goroh.png>
Package pdftex.def Info: pictures//goroh.png  used on input line 121.
(pdftex.def)             Requested size: 217.18587pt x 149.80931pt.
<pictures//ris_1.png, id=116, 313.17pt x 350.05782pt>
File: pictures//ris_1.png Graphic file (type png)
<use pictures//ris_1.png>
Package pdftex.def Info: pictures//ris_1.png  used on input line 129.
(pdftex.def)             Requested size: 219.21748pt x 245.03879pt.
<pictures//ris_2.png, id=118, 289.83281pt x 258.9675pt>
File: pictures//ris_2.png Graphic file (type png)
<use pictures//ris_2.png>
Package pdftex.def Info: pictures//ris_2.png  used on input line 136.
(pdftex.def)             Requested size: 202.88158pt x 181.27599pt.
<pictures//tabl_1.png, id=120, 456.20438pt x 313.9228pt>
File: pictures//tabl_1.png Graphic file (type png)
<use pictures//tabl_1.png>
Package pdftex.def Info: pictures//tabl_1.png  used on input line 143.
(pdftex.def)             Requested size: 319.34087pt x 219.74446pt.
 [5] [6 <./pictures//goroh.png> <./pictures//ris_1.png>] [7 <./pictures//ris_2.
png> <./pictures//tabl_1.png>] [8]
Overfull \hbox (3.96425pt too wide) in paragraph at lines 162--163
\T2A/cmr/m/n/10.95 ¬ го-ро-хе по-сев-ном бы-ли най-де-ны Bacillus, Micromonospo
ra, Ochrobactrum,
 []

[9]
<pictures//ribe.png, id=177, 752.0597pt x 523.20468pt>
File: pictures//ribe.png Graphic file (type png)
<use pictures//ribe.png>
Package pdftex.def Info: pictures//ribe.png  used on input line 175.
(pdftex.def)             Requested size: 376.02893pt x 261.6017pt.

Overfull \hbox (16.02893pt too wide) in paragraph at lines 175--176
 [][] 
 []

LaTeX Font Info:    Font shape `OML/cmr/m/up' in size <10.95> not available
(Font)              Font shape `OML/cmm/m/it' tried instead on input line 176.
LaTeX Font Info:    Font shape `OMS/cmr/m/up' in size <10.95> not available
(Font)              Font shape `OMS/cmsy/m/n' tried instead on input line 176.
<pictures//ribe_1.png, id=180, 626.34pt x 441.65pt>
File: pictures//ribe_1.png Graphic file (type png)
<use pictures//ribe_1.png>
Package pdftex.def Info: pictures//ribe_1.png  used on input line 182.
(pdftex.def)             Requested size: 375.80688pt x 264.99203pt.

Overfull \hbox (15.80688pt too wide) in paragraph at lines 182--183
 [][] 
 []


Overfull \hbox (42.22862pt too wide) in paragraph at lines 190--191
\T2A/cmr/m/n/10.95 ние уде-л€-лось €дер-ной ƒЌ  как ос-нов-ной ми-ше-ни радиаци
онно-индуцированных
 []


Overfull \hbox (30.29935pt too wide) in paragraph at lines 190--191
\T2A/cmr/m/n/10.95 тель-ным ко-ли-че-ством на-уч-ных дан-ных, €с-но по-ка-зы-ва
-ю-щих, что радиационно-
 []


Overfull \hbox (9.40784pt too wide) in paragraph at lines 190--191
\T2A/cmr/m/n/10.95 на-блю-да-те-лей (RIBE), бро-са-ют вы-зов тра-ди-ци-он-ной т
ео-рии ƒЌ -мишеней
 []

[10] [11 <./pictures//ribe.png>] [12 <./pictures//ribe_1.png (PNG copy)>]
[13] (D:\MiKTeX\tex/latex/ucs\uni-32.def
File: uni-32.def 2013/05/13 UCS: Unicode data U+2000..U+20FF
) [14]
(D:\MiKTeX\tex/latex/ucs\uni-0.def
File: uni-0.def 2013/05/13 UCS: Unicode data U+0000..U+00FF
)
Overfull \hbox (0.81113pt too wide) in paragraph at lines 226--228
\T2A/cmr/m/n/10.95 Ќекоторые встре-ча-ю-щи-е-с€ тро-пиз-мы у де-ре-вьев слож-но
 объ-€с-ни-мы. ќни
 []

[15]
<pictures//chernobyl_1.png, id=227, 304.88907pt x 213.79875pt>
File: pictures//chernobyl_1.png Graphic file (type png)
<use pictures//chernobyl_1.png>
Package pdftex.def Info: pictures//chernobyl_1.png  used on input line 241.
(pdftex.def)             Requested size: 274.39761pt x 192.41708pt.
<pictures//chernobyl_2.png, id=228, 177.66376pt x 238.64156pt>
File: pictures//chernobyl_2.png Graphic file (type png)
<use pictures//chernobyl_2.png>
Package pdftex.def Info: pictures//chernobyl_2.png  used on input line 249.
(pdftex.def)             Requested size: 159.89589pt x 214.7754pt.
<pictures//gryfino_1.png, id=229, 280.04625pt x 199.49532pt>
File: pictures//gryfino_1.png Graphic file (type png)
<use pictures//gryfino_1.png>
Package pdftex.def Info: pictures//gryfino_1.png  used on input line 256.
(pdftex.def)             Requested size: 252.03928pt x 179.54411pt.
<pictures//gryfino_2.png, id=230, 347.04657pt x 201.00093pt>
File: pictures//gryfino_2.png Graphic file (type png)
<use pictures//gryfino_2.png>
Package pdftex.def Info: pictures//gryfino_2.png  used on input line 263.
(pdftex.def)             Requested size: 312.33902pt x 180.89915pt.
<pictures//medved.png, id=231, 240.9pt x 244.66406pt>
File: pictures//medved.png Graphic file (type png)
<use pictures//medved.png>
Package pdftex.def Info: pictures//medved.png  used on input line 270.
(pdftex.def)             Requested size: 216.80798pt x 220.1956pt.
<pictures//medved_2.jpg, id=232, 803.0pt x 457.71pt>
File: pictures//medved_2.jpg Graphic file (type jpg)
<use pictures//medved_2.jpg>
Package pdftex.def Info: pictures//medved_2.jpg  used on input line 277.
(pdftex.def)             Requested size: 401.49902pt x 228.85445pt.

Overfull \hbox (41.49902pt too wide) in paragraph at lines 277--278
 [][] 
 []

<pictures//Kurshskaya.png, id=233, 356.0803pt x 235.63031pt>
File: pictures//Kurshskaya.png Graphic file (type png)
<use pictures//Kurshskaya.png>
Package pdftex.def Info: pictures//Kurshskaya.png  used on input line 286.
(pdftex.def)             Requested size: 320.46931pt x 212.0653pt.
<pictures//Shilov.png, id=234, 358.33875pt x 237.13594pt>
File: pictures//Shilov.png Graphic file (type png)
<use pictures//Shilov.png>
Package pdftex.def Info: pictures//Shilov.png  used on input line 293.
(pdftex.def)             Requested size: 322.50189pt x 213.42035pt.
<pictures//Hoffard_1.png, id=235, 582.67688pt x 386.94562pt>
File: pictures//Hoffard_1.png Graphic file (type png)
<use pictures//Hoffard_1.png>
Package pdftex.def Info: pictures//Hoffard_1.png  used on input line 300.
(pdftex.def)             Requested size: 291.33772pt x 193.47234pt.
<pictures//Hoffard_2.png, id=236, 582.67688pt x 386.19281pt>
File: pictures//Hoffard_2.png Graphic file (type png)
<use pictures//Hoffard_2.png>
Package pdftex.def Info: pictures//Hoffard_2.png  used on input line 307.
(pdftex.def)             Requested size: 291.33772pt x 193.09592pt.
[16] [17 <./pictures//chernobyl_1.png> <./pictures//chernobyl_2.png>] [18 <./pi
ctures//gryfino_1.png> <./pictures//gryfino_2.png>] [19 <./pictures//medved.png
> <./pictures//medved_2.jpg>] [20 <./pictures//Kurshskaya.png> <./pictures//Shi
lov.png>] [21 <./pictures//Hoffard_1.png> <./pictures//Hoffard_2.png>]
<pictures//ligand.png, id=280, 373.395pt x 190.46156pt>
File: pictures//ligand.png Graphic file (type png)
<use pictures//ligand.png>
Package pdftex.def Info: pictures//ligand.png  used on input line 332.
(pdftex.def)             Requested size: 336.0524pt x 171.4138pt.
 [22]
<pictures//shewanella.png, id=295, 1015.795pt x 476.78125pt>
File: pictures//shewanella.png Graphic file (type png)
<use pictures//shewanella.png>
Package pdftex.def Info: pictures//shewanella.png  used on input line 343.
(pdftex.def)             Requested size: 355.53357pt x 166.87593pt.

[23 <./pictures//ligand.png> <./pictures//shewanella.png>]
<pictures//geteroauxin.png, id=304, 711.4078pt x 184.43906pt>
File: pictures//geteroauxin.png Graphic file (type png)
<use pictures//geteroauxin.png>
Package pdftex.def Info: pictures//geteroauxin.png  used on input line 366.
(pdftex.def)             Requested size: 355.70303pt x 92.2193pt.
<pictures//products.png, id=305, 723.45282pt x 244.66406pt>
File: pictures//products.png Graphic file (type png)
<use pictures//products.png>
Package pdftex.def Info: pictures//products.png  used on input line 374.
(pdftex.def)             Requested size: 361.72552pt x 122.33173pt.

Overfull \hbox (1.72552pt too wide) in paragraph at lines 374--375
 [][] 
 []

<pictures//bad.png, id=306, 623.32875pt x 412.54124pt>
File: pictures//bad.png Graphic file (type png)
<use pictures//bad.png>
Package pdftex.def Info: pictures//bad.png  used on input line 382.
(pdftex.def)             Requested size: 311.6636pt x 206.27011pt.
[24] [25 <./pictures//geteroauxin.png> <./pictures//products.png> <./pictures//
bad.png>]
Overfull \hbox (0.52286pt too wide) in paragraph at lines 397--398
\T2A/cmr/m/n/10.95 ло-та, что €в-л€-ет-с€ це-ле-со-об-раз-ным по несколь-ким пр
и-чи-нам. ¬о-первых,
 []

[26]
Overfull \hbox (5.25525pt too wide) in paragraph at lines 411--412
[]\T2A/cmr/m/n/10.95 ¬ышеприведенные обос-но-ва-ни€ мо-гут по-слу-жить ос-но-ва
-ни-ем дл€ про-
 []


Overfull \hbox (11.94286pt too wide) in paragraph at lines 418--419
\T2A/cmr/m/n/10.95 нить квантово-химические рас-че-ты MOPAC, NWChem, ORCA, QUAN
TUM
 []


Underfull \hbox (badness 1584) in paragraph at lines 426--427
\T2A/cmr/m/n/10.95 and physiological aspects. Q Rev Biol. 1957 Mar;32(1):3-14. 
doi:
 []

[27] (D:\MiKTeX\tex/latex/ucs\uni-33.def
File: uni-33.def 2013/05/13 UCS: Unicode data U+2100..U+21FF
)
Underfull \hbox (badness 1983) in paragraph at lines 448--449
[]\T2A/cmr/m/n/10.95 Mariotti LG, Bertolotti A, Ranza E, Babini G, Ottolenghi A
.
 []

[28]
Underfull \hbox (badness 1769) in paragraph at lines 459--463
\T2A/cmr/m/n/10.95 BR. Plant growth-promoting bacterial endophytes. Microbiol R
es.
 []


Underfull \hbox (badness 3826) in paragraph at lines 482--486
[]\T2A/cmr/m/n/10.95 Malfanova N, Kamilova F, Validov S, et al. Characterizatio
n
 []


Underfull \hbox (badness 10000) in paragraph at lines 482--486
\T2A/cmr/m/n/10.95 of Bacillus subtilis HC8, a novel plantbeneficial endophytic

 []


Underfull \hbox (badness 2368) in paragraph at lines 482--486
\T2A/cmr/m/n/10.95 strain from giant hogweed. Microb Biotechnol. 2011;4(4):523-
532.
 []


Underfull \hbox (badness 1215) in paragraph at lines 488--490
\T2A/cmr/m/n/10.95 bacteria in pea cultivars under field conditions. Can J Micr
obiol
 []


Underfull \hbox (badness 1303) in paragraph at lines 492--496
[]\T2A/cmr/m/n/10.95 Tariq M, Hameed S, Yasmeen T, Ali A. Non-rhizobial bacteri
a
 []


Underfull \hbox (badness 2707) in paragraph at lines 492--496
\T2A/cmr/m/n/10.95 for improved nodulation and grain yield of mung bean [Vigna
 []


Underfull \hbox (badness 10000) in paragraph at lines 492--496
\T2A/cmr/m/n/10.95 radiata (L.) Wilczek]. Afr J Biotechnol 2012;11:15012-15019.

 []

[29]
Underfull \hbox (badness 2119) in paragraph at lines 544--545
[]\T2A/cmr/m/n/10.95 Hatzi VI, Laskaratou DA, Mavragani IV, Nikitaki Z, Mangeli
s
 []


Underfull \hbox (badness 1205) in paragraph at lines 544--545
\T2A/cmr/m/n/10.95 A, Panayiotidis MI, Pantelias GE, Terzoudi GI, Georgakilas A
G.
 []


Underfull \hbox (badness 3219) in paragraph at lines 544--545
\T2A/cmr/m/n/10.95 Non-targeted radiation effects in vivo: a critical glance of
 the
 []


Underfull \hbox (badness 1142) in paragraph at lines 544--545
\T2A/cmr/m/n/10.95 future in radiobiology. Cancer Lett. 2015 Jan 1;356(1):34-42
. doi:
 []


Underfull \hbox (badness 3612) in paragraph at lines 550--551
\T2A/cmr/m/n/10.95 embryos in vivo. Appl Radiat Isot. 2012 Jul;70(7):1075-9. do
i:
 []

[30pdfTeX warning (ext4): destination with the same identifier (name{cite.photo
_tropism}) has been already used, duplicate ignored
<argument> ...shipout:D \box_use:N \l_shipout_box 
                                                  \__shipout_drop_firstpage_...
l.551 
      ]
Underfull \hbox (badness 3068) in paragraph at lines 562--563
[]\T2A/cmr/m/n/10.95 Gang Fan, Austin J.Graham, Jayaker Kolli, Nathaniel A.Lynd

 []


Underfull \hbox (badness 10000) in paragraph at lines 565--566
[] [][]$\T2A/cmr/m/n/10.95 https : / / aif . ru / society / nature / pyanye _ l
esa _ kakaya _ nevedomaya _
 []


Underfull \hbox (badness 10000) in paragraph at lines 568--569
[] [][]$\T2A/cmr/m/n/10.95 https : / / www . youtube . com / watch ? v = Yqzd2P
YiUHk & lc =
 []


Underfull \hbox (badness 10000) in paragraph at lines 568--569
\T2A/cmr/m/n/10.95 UgzHigNcDgq4GsQpiLN4AaABAg . 9JRX0muIbRa9JkkkmnIBdY &
 []


Overfull \hbox (12.7725pt too wide) in paragraph at lines 572--573
[] [][]$\T2A/cmr/m/n/10.95 https : / / dsm . ru / upload / iblock / 44c / 44c18
b8d692bb3679e608dd24890a85e .
 []

[31pdfTeX warning (ext4): destination with the same identifier (name{cite.qe}) 
has been already used, duplicate ignored
<argument> ...shipout:D \box_use:N \l_shipout_box 
                                                  \__shipout_drop_firstpage_...
l.594 \end{document}
                    ] (auxin.aux)

LaTeX Font Warning: Some font shapes were not available, defaults substituted.


LaTeX Warning: There were multiply-defined labels.

Package rerunfilecheck Info: File `auxin.out' has not changed.
(rerunfilecheck)             Checksum: 1040B4425B9EFDD33E8B9E4A958A85EE;4512.
 ) 
Here is how much of TeX's memory you used:
 15704 strings out of 478864
 216139 string characters out of 2865112
 720626 words of memory out of 3000000
 33270 multiletter control sequences out of 15000+600000
 416542 words of font info for 62 fonts, out of 8000000 for 9000
 1141 hyphenation exceptions out of 8191
 72i,8n,80p,11926b,739s stack positions out of 5000i,500n,10000p,200000b,80000s
 <C:\Users\Ilya.Yukhnovskiy\AppData\Local\MiKTeX\fonts/pk/ljfour/lh/lh-t2a/dp
i600\labx1200.pk> <C:\Users\Ilya.Yukhnovskiy\AppData\Local\MiKTeX\fonts/pk/ljfo
ur/jknappen/ec/dpi600\tcrm1095.pk> <C:\Users\Ilya.Yukhnovskiy\AppData\Local\MiK
TeX\fonts/pk/ljfour/lh/lh-t2a/dpi600\larm1095.pk> <C:\Users\Ilya.Yukhnovskiy\Ap
pData\Local\MiKTeX\fonts/pk/ljfour/lh/lh-t2a/dpi600\labx1440.pk> <C:\Users\Ilya
.Yukhnovskiy\AppData\Local\MiKTeX\fonts/pk/ljfour/lh/lh-t2a/dpi600\larm1200.pk>
 <C:\Users\Ilya.Yukhnovskiy\AppData\Local\MiKTeX\fonts/pk/ljfour/lh/lh-t2a/dpi6
00\labx1728.pk><D:/MiKTeX/fonts/type1/public/amsfonts/cm/cmmi10.pfb>
Output written on auxin.pdf (31 pages, 7340085 bytes).
PDF statistics:
 758 PDF objects out of 1000 (max. 8388607)
 117 named destinations out of 1000 (max. 500000)
 247 words of extra memory for PDF output out of 10000 (max. 10000000)

